ARM GAS  C:\Users\billa\AppData\Local\Temp\ccZBSYR6.s 			page 1


   1              		.cpu cortex-m0plus
   2              		.arch armv6s-m
   3              		.fpu softvfp
   4              		.eabi_attribute 20, 1
   5              		.eabi_attribute 21, 1
   6              		.eabi_attribute 23, 3
   7              		.eabi_attribute 24, 1
   8              		.eabi_attribute 25, 1
   9              		.eabi_attribute 26, 1
  10              		.eabi_attribute 30, 1
  11              		.eabi_attribute 34, 0
  12              		.eabi_attribute 18, 4
  13              		.file	"main.c"
  14              		.text
  15              	.Ltext0:
  16              		.cfi_sections	.debug_frame
  17              		.file 1 "Core/Src/main.c"
  18              		.section	.text.Error_Handler,"ax",%progbits
  19              		.align	1
  20              		.global	Error_Handler
  21              		.syntax unified
  22              		.code	16
  23              		.thumb_func
  25              	Error_Handler:
  26              	.LFB42:
   1:Core/Src/main.c **** /* USER CODE BEGIN Header */
   2:Core/Src/main.c **** /**
   3:Core/Src/main.c ****   ******************************************************************************
   4:Core/Src/main.c ****   * @file           : main.c
   5:Core/Src/main.c ****   * @brief          : Main program body
   6:Core/Src/main.c ****   ******************************************************************************
   7:Core/Src/main.c ****   * @attention
   8:Core/Src/main.c ****   *
   9:Core/Src/main.c ****   * Copyright (c) 2023 STMicroelectronics.
  10:Core/Src/main.c ****   * All rights reserved.
  11:Core/Src/main.c ****   *
  12:Core/Src/main.c ****   * This software is licensed under terms that can be found in the LICENSE file
  13:Core/Src/main.c ****   * in the root directory of this software component.
  14:Core/Src/main.c ****   * If no LICENSE file comes with this software, it is provided AS-IS.
  15:Core/Src/main.c ****   *
  16:Core/Src/main.c ****   ******************************************************************************
  17:Core/Src/main.c ****   */
  18:Core/Src/main.c **** /* USER CODE END Header */
  19:Core/Src/main.c **** /* Includes ------------------------------------------------------------------*/
  20:Core/Src/main.c **** #include "main.h"
  21:Core/Src/main.c **** #include "adc.h"
  22:Core/Src/main.c **** #include "spi.h"
  23:Core/Src/main.c **** #include "tim.h"
  24:Core/Src/main.c **** #include "usart.h"
  25:Core/Src/main.c **** #include "gpio.h"
  26:Core/Src/main.c **** #include "Serial.h"
  27:Core/Src/main.c **** 
  28:Core/Src/main.c **** /* Private includes ----------------------------------------------------------*/
  29:Core/Src/main.c **** /* USER CODE BEGIN Includes */
  30:Core/Src/main.c **** 
  31:Core/Src/main.c **** /* USER CODE END Includes */
  32:Core/Src/main.c **** 
ARM GAS  C:\Users\billa\AppData\Local\Temp\ccZBSYR6.s 			page 2


  33:Core/Src/main.c **** /* Private typedef -----------------------------------------------------------*/
  34:Core/Src/main.c **** /* USER CODE BEGIN PTD */
  35:Core/Src/main.c **** 
  36:Core/Src/main.c **** /* USER CODE END PTD */
  37:Core/Src/main.c **** 
  38:Core/Src/main.c **** /* Private define ------------------------------------------------------------*/
  39:Core/Src/main.c **** /* USER CODE BEGIN PD */
  40:Core/Src/main.c **** 
  41:Core/Src/main.c **** /* USER CODE END PD */
  42:Core/Src/main.c **** 
  43:Core/Src/main.c **** /* Private macro -------------------------------------------------------------*/
  44:Core/Src/main.c **** /* USER CODE BEGIN PM */
  45:Core/Src/main.c **** 
  46:Core/Src/main.c **** /* USER CODE END PM */
  47:Core/Src/main.c **** 
  48:Core/Src/main.c **** /* Private variables ---------------------------------------------------------*/
  49:Core/Src/main.c **** 
  50:Core/Src/main.c **** /* USER CODE BEGIN PV */
  51:Core/Src/main.c **** 
  52:Core/Src/main.c **** /* USER CODE END PV */
  53:Core/Src/main.c **** 
  54:Core/Src/main.c **** /* Private function prototypes -----------------------------------------------*/
  55:Core/Src/main.c **** void SystemClock_Config(void);
  56:Core/Src/main.c **** /* USER CODE BEGIN PFP */
  57:Core/Src/main.c **** 
  58:Core/Src/main.c **** /* USER CODE END PFP */
  59:Core/Src/main.c **** 
  60:Core/Src/main.c **** /* Private user code ---------------------------------------------------------*/
  61:Core/Src/main.c **** /* USER CODE BEGIN 0 */
  62:Core/Src/main.c **** 
  63:Core/Src/main.c **** /* USER CODE END 0 */
  64:Core/Src/main.c **** 
  65:Core/Src/main.c **** /**
  66:Core/Src/main.c ****   * @brief  The application entry point.
  67:Core/Src/main.c ****   * @retval int
  68:Core/Src/main.c ****   */
  69:Core/Src/main.c **** int main(void)
  70:Core/Src/main.c **** {
  71:Core/Src/main.c ****   /* USER CODE BEGIN 1 */
  72:Core/Src/main.c **** 
  73:Core/Src/main.c ****   /* USER CODE END 1 */
  74:Core/Src/main.c **** 
  75:Core/Src/main.c ****   /* MCU Configuration--------------------------------------------------------*/
  76:Core/Src/main.c **** 
  77:Core/Src/main.c ****   /* Reset of all peripherals, Initializes the Flash interface and the Systick. */
  78:Core/Src/main.c ****   HAL_Init();
  79:Core/Src/main.c **** 
  80:Core/Src/main.c ****   /* USER CODE BEGIN Init */
  81:Core/Src/main.c **** 
  82:Core/Src/main.c ****   /* USER CODE END Init */
  83:Core/Src/main.c **** 
  84:Core/Src/main.c ****   /* Configure the system clock */
  85:Core/Src/main.c ****   SystemClock_Config();
  86:Core/Src/main.c **** 
  87:Core/Src/main.c ****   /* USER CODE BEGIN SysInit */
  88:Core/Src/main.c **** 
  89:Core/Src/main.c ****   /* USER CODE END SysInit */
ARM GAS  C:\Users\billa\AppData\Local\Temp\ccZBSYR6.s 			page 3


  90:Core/Src/main.c **** 
  91:Core/Src/main.c ****   /* Initialize all configured peripherals */
  92:Core/Src/main.c ****   MX_GPIO_Init();
  93:Core/Src/main.c ****   MX_USART2_UART_Init();
  94:Core/Src/main.c ****   MX_ADC_Init();
  95:Core/Src/main.c ****   MX_SPI1_Init();
  96:Core/Src/main.c ****   MX_TIM2_Init();
  97:Core/Src/main.c ****   MX_TIM21_Init();
  98:Core/Src/main.c ****   /* USER CODE BEGIN 2 */
  99:Core/Src/main.c ****   //LedStart();
 100:Core/Src/main.c ****   //TimeBaseStartIT();
 101:Core/Src/main.c ****   /* USER CODE END 2 */
 102:Core/Src/main.c **** 
 103:Core/Src/main.c ****   /* Infinite loop */
 104:Core/Src/main.c ****   /* USER CODE BEGIN WHILE */
 105:Core/Src/main.c ****   while (1)
 106:Core/Src/main.c ****   {
 107:Core/Src/main.c ****     //HAL_GPIO_WritePin( GPIOA, GPIO_PIN_8, GPIO_PIN_SET );
 108:Core/Src/main.c ****     //HAL_Delay(1000);
 109:Core/Src/main.c ****     //HAL_GPIO_WritePin( GPIOA, GPIO_PIN_8, GPIO_PIN_RESET );
 110:Core/Src/main.c ****     //HAL_Delay(1000);
 111:Core/Src/main.c ****     
 112:Core/Src/main.c ****     //LedPulse();
 113:Core/Src/main.c ****     //HAL_Delay(100); 
 114:Core/Src/main.c **** 
 115:Core/Src/main.c ****     char ch;
 116:Core/Src/main.c ****     SerialReceiveChar(&ch,1);
 117:Core/Src/main.c ****     SerialTransmit(&ch, 1);
 118:Core/Src/main.c **** 
 119:Core/Src/main.c ****     /* USER CODE END WHILE */
 120:Core/Src/main.c **** 
 121:Core/Src/main.c ****     /* USER CODE BEGIN 3 */
 122:Core/Src/main.c ****   }
 123:Core/Src/main.c ****   /* USER CODE END 3 */
 124:Core/Src/main.c **** }
 125:Core/Src/main.c **** 
 126:Core/Src/main.c **** /**
 127:Core/Src/main.c ****   * @brief System Clock Configuration
 128:Core/Src/main.c ****   * @retval None
 129:Core/Src/main.c ****   */
 130:Core/Src/main.c **** void SystemClock_Config(void)
 131:Core/Src/main.c **** {
 132:Core/Src/main.c ****   RCC_OscInitTypeDef RCC_OscInitStruct = {0};
 133:Core/Src/main.c ****   RCC_ClkInitTypeDef RCC_ClkInitStruct = {0};
 134:Core/Src/main.c ****   RCC_PeriphCLKInitTypeDef PeriphClkInit = {0};
 135:Core/Src/main.c **** 
 136:Core/Src/main.c ****   /** Configure the main internal regulator output voltage
 137:Core/Src/main.c ****   */
 138:Core/Src/main.c ****   __HAL_PWR_VOLTAGESCALING_CONFIG(PWR_REGULATOR_VOLTAGE_SCALE1);
 139:Core/Src/main.c **** 
 140:Core/Src/main.c ****   /** Initializes the RCC Oscillators according to the specified parameters
 141:Core/Src/main.c ****   * in the RCC_OscInitTypeDef structure.
 142:Core/Src/main.c ****   */
 143:Core/Src/main.c ****   RCC_OscInitStruct.OscillatorType = RCC_OSCILLATORTYPE_HSI;
 144:Core/Src/main.c ****   RCC_OscInitStruct.HSIState = RCC_HSI_ON;
 145:Core/Src/main.c ****   RCC_OscInitStruct.HSICalibrationValue = RCC_HSICALIBRATION_DEFAULT;
 146:Core/Src/main.c ****   RCC_OscInitStruct.PLL.PLLState = RCC_PLL_ON;
ARM GAS  C:\Users\billa\AppData\Local\Temp\ccZBSYR6.s 			page 4


 147:Core/Src/main.c ****   RCC_OscInitStruct.PLL.PLLSource = RCC_PLLSOURCE_HSI;
 148:Core/Src/main.c ****   RCC_OscInitStruct.PLL.PLLMUL = RCC_PLLMUL_4;
 149:Core/Src/main.c ****   RCC_OscInitStruct.PLL.PLLDIV = RCC_PLLDIV_2;
 150:Core/Src/main.c ****   if (HAL_RCC_OscConfig(&RCC_OscInitStruct) != HAL_OK)
 151:Core/Src/main.c ****   {
 152:Core/Src/main.c ****     Error_Handler();
 153:Core/Src/main.c ****   }
 154:Core/Src/main.c **** 
 155:Core/Src/main.c ****   /** Initializes the CPU, AHB and APB buses clocks
 156:Core/Src/main.c ****   */
 157:Core/Src/main.c ****   RCC_ClkInitStruct.ClockType = RCC_CLOCKTYPE_HCLK|RCC_CLOCKTYPE_SYSCLK
 158:Core/Src/main.c ****                               |RCC_CLOCKTYPE_PCLK1|RCC_CLOCKTYPE_PCLK2;
 159:Core/Src/main.c ****   RCC_ClkInitStruct.SYSCLKSource = RCC_SYSCLKSOURCE_PLLCLK;
 160:Core/Src/main.c ****   RCC_ClkInitStruct.AHBCLKDivider = RCC_SYSCLK_DIV1;
 161:Core/Src/main.c ****   RCC_ClkInitStruct.APB1CLKDivider = RCC_HCLK_DIV1;
 162:Core/Src/main.c ****   RCC_ClkInitStruct.APB2CLKDivider = RCC_HCLK_DIV1;
 163:Core/Src/main.c **** 
 164:Core/Src/main.c ****   if (HAL_RCC_ClockConfig(&RCC_ClkInitStruct, FLASH_LATENCY_1) != HAL_OK)
 165:Core/Src/main.c ****   {
 166:Core/Src/main.c ****     Error_Handler();
 167:Core/Src/main.c ****   }
 168:Core/Src/main.c ****   PeriphClkInit.PeriphClockSelection = RCC_PERIPHCLK_USART2;
 169:Core/Src/main.c ****   PeriphClkInit.Usart2ClockSelection = RCC_USART2CLKSOURCE_PCLK1;
 170:Core/Src/main.c ****   if (HAL_RCCEx_PeriphCLKConfig(&PeriphClkInit) != HAL_OK)
 171:Core/Src/main.c ****   {
 172:Core/Src/main.c ****     Error_Handler();
 173:Core/Src/main.c ****   }
 174:Core/Src/main.c **** }
 175:Core/Src/main.c **** 
 176:Core/Src/main.c **** /* USER CODE BEGIN 4 */
 177:Core/Src/main.c **** 
 178:Core/Src/main.c **** /* USER CODE END 4 */
 179:Core/Src/main.c **** 
 180:Core/Src/main.c **** /**
 181:Core/Src/main.c ****   * @brief  This function is executed in case of error occurrence.
 182:Core/Src/main.c ****   * @retval None
 183:Core/Src/main.c ****   */
 184:Core/Src/main.c **** void Error_Handler(void)
 185:Core/Src/main.c **** {
  27              		.loc 1 185 1 view -0
  28              		.cfi_startproc
  29              		@ Volatile: function does not return.
  30              		@ args = 0, pretend = 0, frame = 0
  31              		@ frame_needed = 0, uses_anonymous_args = 0
  32              		@ link register save eliminated.
 186:Core/Src/main.c ****   /* USER CODE BEGIN Error_Handler_Debug */
 187:Core/Src/main.c ****   /* User can add his own implementation to report the HAL error return state */
 188:Core/Src/main.c ****   __disable_irq();
  33              		.loc 1 188 3 view .LVU1
  34              	.LBB4:
  35              	.LBI4:
  36              		.file 2 "Drivers/CMSIS/Include/cmsis_gcc.h"
   1:Drivers/CMSIS/Include/cmsis_gcc.h **** /**************************************************************************//**
   2:Drivers/CMSIS/Include/cmsis_gcc.h ****  * @file     cmsis_gcc.h
   3:Drivers/CMSIS/Include/cmsis_gcc.h ****  * @brief    CMSIS compiler GCC header file
   4:Drivers/CMSIS/Include/cmsis_gcc.h ****  * @version  V5.0.4
   5:Drivers/CMSIS/Include/cmsis_gcc.h ****  * @date     09. April 2018
ARM GAS  C:\Users\billa\AppData\Local\Temp\ccZBSYR6.s 			page 5


   6:Drivers/CMSIS/Include/cmsis_gcc.h ****  ******************************************************************************/
   7:Drivers/CMSIS/Include/cmsis_gcc.h **** /*
   8:Drivers/CMSIS/Include/cmsis_gcc.h ****  * Copyright (c) 2009-2018 Arm Limited. All rights reserved.
   9:Drivers/CMSIS/Include/cmsis_gcc.h ****  *
  10:Drivers/CMSIS/Include/cmsis_gcc.h ****  * SPDX-License-Identifier: Apache-2.0
  11:Drivers/CMSIS/Include/cmsis_gcc.h ****  *
  12:Drivers/CMSIS/Include/cmsis_gcc.h ****  * Licensed under the Apache License, Version 2.0 (the License); you may
  13:Drivers/CMSIS/Include/cmsis_gcc.h ****  * not use this file except in compliance with the License.
  14:Drivers/CMSIS/Include/cmsis_gcc.h ****  * You may obtain a copy of the License at
  15:Drivers/CMSIS/Include/cmsis_gcc.h ****  *
  16:Drivers/CMSIS/Include/cmsis_gcc.h ****  * www.apache.org/licenses/LICENSE-2.0
  17:Drivers/CMSIS/Include/cmsis_gcc.h ****  *
  18:Drivers/CMSIS/Include/cmsis_gcc.h ****  * Unless required by applicable law or agreed to in writing, software
  19:Drivers/CMSIS/Include/cmsis_gcc.h ****  * distributed under the License is distributed on an AS IS BASIS, WITHOUT
  20:Drivers/CMSIS/Include/cmsis_gcc.h ****  * WARRANTIES OR CONDITIONS OF ANY KIND, either express or implied.
  21:Drivers/CMSIS/Include/cmsis_gcc.h ****  * See the License for the specific language governing permissions and
  22:Drivers/CMSIS/Include/cmsis_gcc.h ****  * limitations under the License.
  23:Drivers/CMSIS/Include/cmsis_gcc.h ****  */
  24:Drivers/CMSIS/Include/cmsis_gcc.h **** 
  25:Drivers/CMSIS/Include/cmsis_gcc.h **** #ifndef __CMSIS_GCC_H
  26:Drivers/CMSIS/Include/cmsis_gcc.h **** #define __CMSIS_GCC_H
  27:Drivers/CMSIS/Include/cmsis_gcc.h **** 
  28:Drivers/CMSIS/Include/cmsis_gcc.h **** /* ignore some GCC warnings */
  29:Drivers/CMSIS/Include/cmsis_gcc.h **** #pragma GCC diagnostic push
  30:Drivers/CMSIS/Include/cmsis_gcc.h **** #pragma GCC diagnostic ignored "-Wsign-conversion"
  31:Drivers/CMSIS/Include/cmsis_gcc.h **** #pragma GCC diagnostic ignored "-Wconversion"
  32:Drivers/CMSIS/Include/cmsis_gcc.h **** #pragma GCC diagnostic ignored "-Wunused-parameter"
  33:Drivers/CMSIS/Include/cmsis_gcc.h **** 
  34:Drivers/CMSIS/Include/cmsis_gcc.h **** /* Fallback for __has_builtin */
  35:Drivers/CMSIS/Include/cmsis_gcc.h **** #ifndef __has_builtin
  36:Drivers/CMSIS/Include/cmsis_gcc.h ****   #define __has_builtin(x) (0)
  37:Drivers/CMSIS/Include/cmsis_gcc.h **** #endif
  38:Drivers/CMSIS/Include/cmsis_gcc.h **** 
  39:Drivers/CMSIS/Include/cmsis_gcc.h **** /* CMSIS compiler specific defines */
  40:Drivers/CMSIS/Include/cmsis_gcc.h **** #ifndef   __ASM
  41:Drivers/CMSIS/Include/cmsis_gcc.h ****   #define __ASM                                  __asm
  42:Drivers/CMSIS/Include/cmsis_gcc.h **** #endif
  43:Drivers/CMSIS/Include/cmsis_gcc.h **** #ifndef   __INLINE
  44:Drivers/CMSIS/Include/cmsis_gcc.h ****   #define __INLINE                               inline
  45:Drivers/CMSIS/Include/cmsis_gcc.h **** #endif
  46:Drivers/CMSIS/Include/cmsis_gcc.h **** #ifndef   __STATIC_INLINE
  47:Drivers/CMSIS/Include/cmsis_gcc.h ****   #define __STATIC_INLINE                        static inline
  48:Drivers/CMSIS/Include/cmsis_gcc.h **** #endif
  49:Drivers/CMSIS/Include/cmsis_gcc.h **** #ifndef   __STATIC_FORCEINLINE                 
  50:Drivers/CMSIS/Include/cmsis_gcc.h ****   #define __STATIC_FORCEINLINE                   __attribute__((always_inline)) static inline
  51:Drivers/CMSIS/Include/cmsis_gcc.h **** #endif                                           
  52:Drivers/CMSIS/Include/cmsis_gcc.h **** #ifndef   __NO_RETURN
  53:Drivers/CMSIS/Include/cmsis_gcc.h ****   #define __NO_RETURN                            __attribute__((__noreturn__))
  54:Drivers/CMSIS/Include/cmsis_gcc.h **** #endif
  55:Drivers/CMSIS/Include/cmsis_gcc.h **** #ifndef   __USED
  56:Drivers/CMSIS/Include/cmsis_gcc.h ****   #define __USED                                 __attribute__((used))
  57:Drivers/CMSIS/Include/cmsis_gcc.h **** #endif
  58:Drivers/CMSIS/Include/cmsis_gcc.h **** #ifndef   __WEAK
  59:Drivers/CMSIS/Include/cmsis_gcc.h ****   #define __WEAK                                 __attribute__((weak))
  60:Drivers/CMSIS/Include/cmsis_gcc.h **** #endif
  61:Drivers/CMSIS/Include/cmsis_gcc.h **** #ifndef   __PACKED
  62:Drivers/CMSIS/Include/cmsis_gcc.h ****   #define __PACKED                               __attribute__((packed, aligned(1)))
ARM GAS  C:\Users\billa\AppData\Local\Temp\ccZBSYR6.s 			page 6


  63:Drivers/CMSIS/Include/cmsis_gcc.h **** #endif
  64:Drivers/CMSIS/Include/cmsis_gcc.h **** #ifndef   __PACKED_STRUCT
  65:Drivers/CMSIS/Include/cmsis_gcc.h ****   #define __PACKED_STRUCT                        struct __attribute__((packed, aligned(1)))
  66:Drivers/CMSIS/Include/cmsis_gcc.h **** #endif
  67:Drivers/CMSIS/Include/cmsis_gcc.h **** #ifndef   __PACKED_UNION
  68:Drivers/CMSIS/Include/cmsis_gcc.h ****   #define __PACKED_UNION                         union __attribute__((packed, aligned(1)))
  69:Drivers/CMSIS/Include/cmsis_gcc.h **** #endif
  70:Drivers/CMSIS/Include/cmsis_gcc.h **** #ifndef   __UNALIGNED_UINT32        /* deprecated */
  71:Drivers/CMSIS/Include/cmsis_gcc.h ****   #pragma GCC diagnostic push
  72:Drivers/CMSIS/Include/cmsis_gcc.h ****   #pragma GCC diagnostic ignored "-Wpacked"
  73:Drivers/CMSIS/Include/cmsis_gcc.h ****   #pragma GCC diagnostic ignored "-Wattributes"
  74:Drivers/CMSIS/Include/cmsis_gcc.h ****   struct __attribute__((packed)) T_UINT32 { uint32_t v; };
  75:Drivers/CMSIS/Include/cmsis_gcc.h ****   #pragma GCC diagnostic pop
  76:Drivers/CMSIS/Include/cmsis_gcc.h ****   #define __UNALIGNED_UINT32(x)                  (((struct T_UINT32 *)(x))->v)
  77:Drivers/CMSIS/Include/cmsis_gcc.h **** #endif
  78:Drivers/CMSIS/Include/cmsis_gcc.h **** #ifndef   __UNALIGNED_UINT16_WRITE
  79:Drivers/CMSIS/Include/cmsis_gcc.h ****   #pragma GCC diagnostic push
  80:Drivers/CMSIS/Include/cmsis_gcc.h ****   #pragma GCC diagnostic ignored "-Wpacked"
  81:Drivers/CMSIS/Include/cmsis_gcc.h ****   #pragma GCC diagnostic ignored "-Wattributes"
  82:Drivers/CMSIS/Include/cmsis_gcc.h ****   __PACKED_STRUCT T_UINT16_WRITE { uint16_t v; };
  83:Drivers/CMSIS/Include/cmsis_gcc.h ****   #pragma GCC diagnostic pop
  84:Drivers/CMSIS/Include/cmsis_gcc.h ****   #define __UNALIGNED_UINT16_WRITE(addr, val)    (void)((((struct T_UINT16_WRITE *)(void *)(addr))-
  85:Drivers/CMSIS/Include/cmsis_gcc.h **** #endif
  86:Drivers/CMSIS/Include/cmsis_gcc.h **** #ifndef   __UNALIGNED_UINT16_READ
  87:Drivers/CMSIS/Include/cmsis_gcc.h ****   #pragma GCC diagnostic push
  88:Drivers/CMSIS/Include/cmsis_gcc.h ****   #pragma GCC diagnostic ignored "-Wpacked"
  89:Drivers/CMSIS/Include/cmsis_gcc.h ****   #pragma GCC diagnostic ignored "-Wattributes"
  90:Drivers/CMSIS/Include/cmsis_gcc.h ****   __PACKED_STRUCT T_UINT16_READ { uint16_t v; };
  91:Drivers/CMSIS/Include/cmsis_gcc.h ****   #pragma GCC diagnostic pop
  92:Drivers/CMSIS/Include/cmsis_gcc.h ****   #define __UNALIGNED_UINT16_READ(addr)          (((const struct T_UINT16_READ *)(const void *)(add
  93:Drivers/CMSIS/Include/cmsis_gcc.h **** #endif
  94:Drivers/CMSIS/Include/cmsis_gcc.h **** #ifndef   __UNALIGNED_UINT32_WRITE
  95:Drivers/CMSIS/Include/cmsis_gcc.h ****   #pragma GCC diagnostic push
  96:Drivers/CMSIS/Include/cmsis_gcc.h ****   #pragma GCC diagnostic ignored "-Wpacked"
  97:Drivers/CMSIS/Include/cmsis_gcc.h ****   #pragma GCC diagnostic ignored "-Wattributes"
  98:Drivers/CMSIS/Include/cmsis_gcc.h ****   __PACKED_STRUCT T_UINT32_WRITE { uint32_t v; };
  99:Drivers/CMSIS/Include/cmsis_gcc.h ****   #pragma GCC diagnostic pop
 100:Drivers/CMSIS/Include/cmsis_gcc.h ****   #define __UNALIGNED_UINT32_WRITE(addr, val)    (void)((((struct T_UINT32_WRITE *)(void *)(addr))-
 101:Drivers/CMSIS/Include/cmsis_gcc.h **** #endif
 102:Drivers/CMSIS/Include/cmsis_gcc.h **** #ifndef   __UNALIGNED_UINT32_READ
 103:Drivers/CMSIS/Include/cmsis_gcc.h ****   #pragma GCC diagnostic push
 104:Drivers/CMSIS/Include/cmsis_gcc.h ****   #pragma GCC diagnostic ignored "-Wpacked"
 105:Drivers/CMSIS/Include/cmsis_gcc.h ****   #pragma GCC diagnostic ignored "-Wattributes"
 106:Drivers/CMSIS/Include/cmsis_gcc.h ****   __PACKED_STRUCT T_UINT32_READ { uint32_t v; };
 107:Drivers/CMSIS/Include/cmsis_gcc.h ****   #pragma GCC diagnostic pop
 108:Drivers/CMSIS/Include/cmsis_gcc.h ****   #define __UNALIGNED_UINT32_READ(addr)          (((const struct T_UINT32_READ *)(const void *)(add
 109:Drivers/CMSIS/Include/cmsis_gcc.h **** #endif
 110:Drivers/CMSIS/Include/cmsis_gcc.h **** #ifndef   __ALIGNED
 111:Drivers/CMSIS/Include/cmsis_gcc.h ****   #define __ALIGNED(x)                           __attribute__((aligned(x)))
 112:Drivers/CMSIS/Include/cmsis_gcc.h **** #endif
 113:Drivers/CMSIS/Include/cmsis_gcc.h **** #ifndef   __RESTRICT
 114:Drivers/CMSIS/Include/cmsis_gcc.h ****   #define __RESTRICT                             __restrict
 115:Drivers/CMSIS/Include/cmsis_gcc.h **** #endif
 116:Drivers/CMSIS/Include/cmsis_gcc.h **** 
 117:Drivers/CMSIS/Include/cmsis_gcc.h **** 
 118:Drivers/CMSIS/Include/cmsis_gcc.h **** /* ###########################  Core Function Access  ########################### */
 119:Drivers/CMSIS/Include/cmsis_gcc.h **** /** \ingroup  CMSIS_Core_FunctionInterface
ARM GAS  C:\Users\billa\AppData\Local\Temp\ccZBSYR6.s 			page 7


 120:Drivers/CMSIS/Include/cmsis_gcc.h ****     \defgroup CMSIS_Core_RegAccFunctions CMSIS Core Register Access Functions
 121:Drivers/CMSIS/Include/cmsis_gcc.h ****   @{
 122:Drivers/CMSIS/Include/cmsis_gcc.h ****  */
 123:Drivers/CMSIS/Include/cmsis_gcc.h **** 
 124:Drivers/CMSIS/Include/cmsis_gcc.h **** /**
 125:Drivers/CMSIS/Include/cmsis_gcc.h ****   \brief   Enable IRQ Interrupts
 126:Drivers/CMSIS/Include/cmsis_gcc.h ****   \details Enables IRQ interrupts by clearing the I-bit in the CPSR.
 127:Drivers/CMSIS/Include/cmsis_gcc.h ****            Can only be executed in Privileged modes.
 128:Drivers/CMSIS/Include/cmsis_gcc.h ****  */
 129:Drivers/CMSIS/Include/cmsis_gcc.h **** __STATIC_FORCEINLINE void __enable_irq(void)
 130:Drivers/CMSIS/Include/cmsis_gcc.h **** {
 131:Drivers/CMSIS/Include/cmsis_gcc.h ****   __ASM volatile ("cpsie i" : : : "memory");
 132:Drivers/CMSIS/Include/cmsis_gcc.h **** }
 133:Drivers/CMSIS/Include/cmsis_gcc.h **** 
 134:Drivers/CMSIS/Include/cmsis_gcc.h **** 
 135:Drivers/CMSIS/Include/cmsis_gcc.h **** /**
 136:Drivers/CMSIS/Include/cmsis_gcc.h ****   \brief   Disable IRQ Interrupts
 137:Drivers/CMSIS/Include/cmsis_gcc.h ****   \details Disables IRQ interrupts by setting the I-bit in the CPSR.
 138:Drivers/CMSIS/Include/cmsis_gcc.h ****            Can only be executed in Privileged modes.
 139:Drivers/CMSIS/Include/cmsis_gcc.h ****  */
 140:Drivers/CMSIS/Include/cmsis_gcc.h **** __STATIC_FORCEINLINE void __disable_irq(void)
  37              		.loc 2 140 27 view .LVU2
  38              	.LBB5:
 141:Drivers/CMSIS/Include/cmsis_gcc.h **** {
 142:Drivers/CMSIS/Include/cmsis_gcc.h ****   __ASM volatile ("cpsid i" : : : "memory");
  39              		.loc 2 142 3 view .LVU3
  40              		.syntax divided
  41              	@ 142 "Drivers/CMSIS/Include/cmsis_gcc.h" 1
  42 0000 72B6     		cpsid i
  43              	@ 0 "" 2
  44              		.thumb
  45              		.syntax unified
  46              	.L2:
  47              	.LBE5:
  48              	.LBE4:
 189:Core/Src/main.c ****   while (1)
  49              		.loc 1 189 3 discriminator 1 view .LVU4
 190:Core/Src/main.c ****   {
 191:Core/Src/main.c ****   }
  50              		.loc 1 191 3 discriminator 1 view .LVU5
 189:Core/Src/main.c ****   while (1)
  51              		.loc 1 189 9 discriminator 1 view .LVU6
  52 0002 FEE7     		b	.L2
  53              		.cfi_endproc
  54              	.LFE42:
  56              		.section	.text.SystemClock_Config,"ax",%progbits
  57              		.align	1
  58              		.global	SystemClock_Config
  59              		.syntax unified
  60              		.code	16
  61              		.thumb_func
  63              	SystemClock_Config:
  64              	.LFB41:
 131:Core/Src/main.c ****   RCC_OscInitTypeDef RCC_OscInitStruct = {0};
  65              		.loc 1 131 1 view -0
  66              		.cfi_startproc
  67              		@ args = 0, pretend = 0, frame = 96
ARM GAS  C:\Users\billa\AppData\Local\Temp\ccZBSYR6.s 			page 8


  68              		@ frame_needed = 0, uses_anonymous_args = 0
  69 0000 00B5     		push	{lr}
  70              		.cfi_def_cfa_offset 4
  71              		.cfi_offset 14, -4
  72 0002 99B0     		sub	sp, sp, #100
  73              		.cfi_def_cfa_offset 104
 132:Core/Src/main.c ****   RCC_ClkInitTypeDef RCC_ClkInitStruct = {0};
  74              		.loc 1 132 3 view .LVU8
 132:Core/Src/main.c ****   RCC_ClkInitTypeDef RCC_ClkInitStruct = {0};
  75              		.loc 1 132 22 is_stmt 0 view .LVU9
  76 0004 3422     		movs	r2, #52
  77 0006 0021     		movs	r1, #0
  78 0008 0BA8     		add	r0, sp, #44
  79 000a FFF7FEFF 		bl	memset
  80              	.LVL0:
 133:Core/Src/main.c ****   RCC_PeriphCLKInitTypeDef PeriphClkInit = {0};
  81              		.loc 1 133 3 is_stmt 1 view .LVU10
 133:Core/Src/main.c ****   RCC_PeriphCLKInitTypeDef PeriphClkInit = {0};
  82              		.loc 1 133 22 is_stmt 0 view .LVU11
  83 000e 1422     		movs	r2, #20
  84 0010 0021     		movs	r1, #0
  85 0012 06A8     		add	r0, sp, #24
  86 0014 FFF7FEFF 		bl	memset
  87              	.LVL1:
 134:Core/Src/main.c **** 
  88              		.loc 1 134 3 is_stmt 1 view .LVU12
 134:Core/Src/main.c **** 
  89              		.loc 1 134 28 is_stmt 0 view .LVU13
  90 0018 1822     		movs	r2, #24
  91 001a 0021     		movs	r1, #0
  92 001c 6846     		mov	r0, sp
  93 001e FFF7FEFF 		bl	memset
  94              	.LVL2:
 138:Core/Src/main.c **** 
  95              		.loc 1 138 3 is_stmt 1 view .LVU14
  96 0022 1D49     		ldr	r1, .L10
  97 0024 0A68     		ldr	r2, [r1]
  98 0026 1D4B     		ldr	r3, .L10+4
  99 0028 1A40     		ands	r2, r3
 100 002a 8023     		movs	r3, #128
 101 002c 1B01     		lsls	r3, r3, #4
 102 002e 1343     		orrs	r3, r2
 103 0030 0B60     		str	r3, [r1]
 143:Core/Src/main.c ****   RCC_OscInitStruct.HSIState = RCC_HSI_ON;
 104              		.loc 1 143 3 view .LVU15
 143:Core/Src/main.c ****   RCC_OscInitStruct.HSIState = RCC_HSI_ON;
 105              		.loc 1 143 36 is_stmt 0 view .LVU16
 106 0032 0223     		movs	r3, #2
 107 0034 0B93     		str	r3, [sp, #44]
 144:Core/Src/main.c ****   RCC_OscInitStruct.HSICalibrationValue = RCC_HSICALIBRATION_DEFAULT;
 108              		.loc 1 144 3 is_stmt 1 view .LVU17
 144:Core/Src/main.c ****   RCC_OscInitStruct.HSICalibrationValue = RCC_HSICALIBRATION_DEFAULT;
 109              		.loc 1 144 30 is_stmt 0 view .LVU18
 110 0036 0122     		movs	r2, #1
 111 0038 0E92     		str	r2, [sp, #56]
 145:Core/Src/main.c ****   RCC_OscInitStruct.PLL.PLLState = RCC_PLL_ON;
 112              		.loc 1 145 3 is_stmt 1 view .LVU19
ARM GAS  C:\Users\billa\AppData\Local\Temp\ccZBSYR6.s 			page 9


 145:Core/Src/main.c ****   RCC_OscInitStruct.PLL.PLLState = RCC_PLL_ON;
 113              		.loc 1 145 41 is_stmt 0 view .LVU20
 114 003a 0F32     		adds	r2, r2, #15
 115 003c 0F92     		str	r2, [sp, #60]
 146:Core/Src/main.c ****   RCC_OscInitStruct.PLL.PLLSource = RCC_PLLSOURCE_HSI;
 116              		.loc 1 146 3 is_stmt 1 view .LVU21
 146:Core/Src/main.c ****   RCC_OscInitStruct.PLL.PLLSource = RCC_PLLSOURCE_HSI;
 117              		.loc 1 146 34 is_stmt 0 view .LVU22
 118 003e 1493     		str	r3, [sp, #80]
 147:Core/Src/main.c ****   RCC_OscInitStruct.PLL.PLLMUL = RCC_PLLMUL_4;
 119              		.loc 1 147 3 is_stmt 1 view .LVU23
 147:Core/Src/main.c ****   RCC_OscInitStruct.PLL.PLLMUL = RCC_PLLMUL_4;
 120              		.loc 1 147 35 is_stmt 0 view .LVU24
 121 0040 0023     		movs	r3, #0
 122 0042 1593     		str	r3, [sp, #84]
 148:Core/Src/main.c ****   RCC_OscInitStruct.PLL.PLLDIV = RCC_PLLDIV_2;
 123              		.loc 1 148 3 is_stmt 1 view .LVU25
 148:Core/Src/main.c ****   RCC_OscInitStruct.PLL.PLLDIV = RCC_PLLDIV_2;
 124              		.loc 1 148 32 is_stmt 0 view .LVU26
 125 0044 8023     		movs	r3, #128
 126 0046 DB02     		lsls	r3, r3, #11
 127 0048 1693     		str	r3, [sp, #88]
 149:Core/Src/main.c ****   if (HAL_RCC_OscConfig(&RCC_OscInitStruct) != HAL_OK)
 128              		.loc 1 149 3 is_stmt 1 view .LVU27
 149:Core/Src/main.c ****   if (HAL_RCC_OscConfig(&RCC_OscInitStruct) != HAL_OK)
 129              		.loc 1 149 32 is_stmt 0 view .LVU28
 130 004a 8023     		movs	r3, #128
 131 004c DB03     		lsls	r3, r3, #15
 132 004e 1793     		str	r3, [sp, #92]
 150:Core/Src/main.c ****   {
 133              		.loc 1 150 3 is_stmt 1 view .LVU29
 150:Core/Src/main.c ****   {
 134              		.loc 1 150 7 is_stmt 0 view .LVU30
 135 0050 0BA8     		add	r0, sp, #44
 136 0052 FFF7FEFF 		bl	HAL_RCC_OscConfig
 137              	.LVL3:
 150:Core/Src/main.c ****   {
 138              		.loc 1 150 6 view .LVU31
 139 0056 0028     		cmp	r0, #0
 140 0058 18D1     		bne	.L7
 157:Core/Src/main.c ****                               |RCC_CLOCKTYPE_PCLK1|RCC_CLOCKTYPE_PCLK2;
 141              		.loc 1 157 3 is_stmt 1 view .LVU32
 157:Core/Src/main.c ****                               |RCC_CLOCKTYPE_PCLK1|RCC_CLOCKTYPE_PCLK2;
 142              		.loc 1 157 31 is_stmt 0 view .LVU33
 143 005a 0F23     		movs	r3, #15
 144 005c 0693     		str	r3, [sp, #24]
 159:Core/Src/main.c ****   RCC_ClkInitStruct.AHBCLKDivider = RCC_SYSCLK_DIV1;
 145              		.loc 1 159 3 is_stmt 1 view .LVU34
 159:Core/Src/main.c ****   RCC_ClkInitStruct.AHBCLKDivider = RCC_SYSCLK_DIV1;
 146              		.loc 1 159 34 is_stmt 0 view .LVU35
 147 005e 0C3B     		subs	r3, r3, #12
 148 0060 0793     		str	r3, [sp, #28]
 160:Core/Src/main.c ****   RCC_ClkInitStruct.APB1CLKDivider = RCC_HCLK_DIV1;
 149              		.loc 1 160 3 is_stmt 1 view .LVU36
 160:Core/Src/main.c ****   RCC_ClkInitStruct.APB1CLKDivider = RCC_HCLK_DIV1;
 150              		.loc 1 160 35 is_stmt 0 view .LVU37
 151 0062 0023     		movs	r3, #0
ARM GAS  C:\Users\billa\AppData\Local\Temp\ccZBSYR6.s 			page 10


 152 0064 0893     		str	r3, [sp, #32]
 161:Core/Src/main.c ****   RCC_ClkInitStruct.APB2CLKDivider = RCC_HCLK_DIV1;
 153              		.loc 1 161 3 is_stmt 1 view .LVU38
 161:Core/Src/main.c ****   RCC_ClkInitStruct.APB2CLKDivider = RCC_HCLK_DIV1;
 154              		.loc 1 161 36 is_stmt 0 view .LVU39
 155 0066 0993     		str	r3, [sp, #36]
 162:Core/Src/main.c **** 
 156              		.loc 1 162 3 is_stmt 1 view .LVU40
 162:Core/Src/main.c **** 
 157              		.loc 1 162 36 is_stmt 0 view .LVU41
 158 0068 0A93     		str	r3, [sp, #40]
 164:Core/Src/main.c ****   {
 159              		.loc 1 164 3 is_stmt 1 view .LVU42
 164:Core/Src/main.c ****   {
 160              		.loc 1 164 7 is_stmt 0 view .LVU43
 161 006a 0121     		movs	r1, #1
 162 006c 06A8     		add	r0, sp, #24
 163 006e FFF7FEFF 		bl	HAL_RCC_ClockConfig
 164              	.LVL4:
 164:Core/Src/main.c ****   {
 165              		.loc 1 164 6 view .LVU44
 166 0072 0028     		cmp	r0, #0
 167 0074 0CD1     		bne	.L8
 168:Core/Src/main.c ****   PeriphClkInit.Usart2ClockSelection = RCC_USART2CLKSOURCE_PCLK1;
 168              		.loc 1 168 3 is_stmt 1 view .LVU45
 168:Core/Src/main.c ****   PeriphClkInit.Usart2ClockSelection = RCC_USART2CLKSOURCE_PCLK1;
 169              		.loc 1 168 38 is_stmt 0 view .LVU46
 170 0076 0223     		movs	r3, #2
 171 0078 0093     		str	r3, [sp]
 169:Core/Src/main.c ****   if (HAL_RCCEx_PeriphCLKConfig(&PeriphClkInit) != HAL_OK)
 172              		.loc 1 169 3 is_stmt 1 view .LVU47
 169:Core/Src/main.c ****   if (HAL_RCCEx_PeriphCLKConfig(&PeriphClkInit) != HAL_OK)
 173              		.loc 1 169 38 is_stmt 0 view .LVU48
 174 007a 0023     		movs	r3, #0
 175 007c 0293     		str	r3, [sp, #8]
 170:Core/Src/main.c ****   {
 176              		.loc 1 170 3 is_stmt 1 view .LVU49
 170:Core/Src/main.c ****   {
 177              		.loc 1 170 7 is_stmt 0 view .LVU50
 178 007e 6846     		mov	r0, sp
 179 0080 FFF7FEFF 		bl	HAL_RCCEx_PeriphCLKConfig
 180              	.LVL5:
 170:Core/Src/main.c ****   {
 181              		.loc 1 170 6 view .LVU51
 182 0084 0028     		cmp	r0, #0
 183 0086 05D1     		bne	.L9
 174:Core/Src/main.c **** 
 184              		.loc 1 174 1 view .LVU52
 185 0088 19B0     		add	sp, sp, #100
 186              		@ sp needed
 187 008a 00BD     		pop	{pc}
 188              	.L7:
 152:Core/Src/main.c ****   }
 189              		.loc 1 152 5 is_stmt 1 view .LVU53
 190 008c FFF7FEFF 		bl	Error_Handler
 191              	.LVL6:
 192              	.L8:
ARM GAS  C:\Users\billa\AppData\Local\Temp\ccZBSYR6.s 			page 11


 166:Core/Src/main.c ****   }
 193              		.loc 1 166 5 view .LVU54
 194 0090 FFF7FEFF 		bl	Error_Handler
 195              	.LVL7:
 196              	.L9:
 172:Core/Src/main.c ****   }
 197              		.loc 1 172 5 view .LVU55
 198 0094 FFF7FEFF 		bl	Error_Handler
 199              	.LVL8:
 200              	.L11:
 201              		.align	2
 202              	.L10:
 203 0098 00700040 		.word	1073770496
 204 009c FFE7FFFF 		.word	-6145
 205              		.cfi_endproc
 206              	.LFE41:
 208              		.section	.text.main,"ax",%progbits
 209              		.align	1
 210              		.global	main
 211              		.syntax unified
 212              		.code	16
 213              		.thumb_func
 215              	main:
 216              	.LFB40:
  70:Core/Src/main.c ****   /* USER CODE BEGIN 1 */
 217              		.loc 1 70 1 view -0
 218              		.cfi_startproc
 219              		@ Volatile: function does not return.
 220              		@ args = 0, pretend = 0, frame = 8
 221              		@ frame_needed = 0, uses_anonymous_args = 0
 222 0000 00B5     		push	{lr}
 223              		.cfi_def_cfa_offset 4
 224              		.cfi_offset 14, -4
 225 0002 83B0     		sub	sp, sp, #12
 226              		.cfi_def_cfa_offset 16
  78:Core/Src/main.c **** 
 227              		.loc 1 78 3 view .LVU57
 228 0004 FFF7FEFF 		bl	HAL_Init
 229              	.LVL9:
  85:Core/Src/main.c **** 
 230              		.loc 1 85 3 view .LVU58
 231 0008 FFF7FEFF 		bl	SystemClock_Config
 232              	.LVL10:
  92:Core/Src/main.c ****   MX_USART2_UART_Init();
 233              		.loc 1 92 3 view .LVU59
 234 000c FFF7FEFF 		bl	MX_GPIO_Init
 235              	.LVL11:
  93:Core/Src/main.c ****   MX_ADC_Init();
 236              		.loc 1 93 3 view .LVU60
 237 0010 FFF7FEFF 		bl	MX_USART2_UART_Init
 238              	.LVL12:
  94:Core/Src/main.c ****   MX_SPI1_Init();
 239              		.loc 1 94 3 view .LVU61
 240 0014 FFF7FEFF 		bl	MX_ADC_Init
 241              	.LVL13:
  95:Core/Src/main.c ****   MX_TIM2_Init();
 242              		.loc 1 95 3 view .LVU62
ARM GAS  C:\Users\billa\AppData\Local\Temp\ccZBSYR6.s 			page 12


 243 0018 FFF7FEFF 		bl	MX_SPI1_Init
 244              	.LVL14:
  96:Core/Src/main.c ****   MX_TIM21_Init();
 245              		.loc 1 96 3 view .LVU63
 246 001c FFF7FEFF 		bl	MX_TIM2_Init
 247              	.LVL15:
  97:Core/Src/main.c ****   /* USER CODE BEGIN 2 */
 248              		.loc 1 97 3 view .LVU64
 249 0020 FFF7FEFF 		bl	MX_TIM21_Init
 250              	.LVL16:
 251              	.L13:
 105:Core/Src/main.c ****   {
 252              		.loc 1 105 3 discriminator 1 view .LVU65
 253              	.LBB6:
 115:Core/Src/main.c ****     SerialReceiveChar(&ch,1);
 254              		.loc 1 115 5 discriminator 1 view .LVU66
 116:Core/Src/main.c ****     SerialTransmit(&ch, 1);
 255              		.loc 1 116 5 discriminator 1 view .LVU67
 256 0024 0121     		movs	r1, #1
 257 0026 6B46     		mov	r3, sp
 258 0028 D81D     		adds	r0, r3, #7
 259 002a FFF7FEFF 		bl	SerialReceiveChar
 260              	.LVL17:
 117:Core/Src/main.c **** 
 261              		.loc 1 117 5 discriminator 1 view .LVU68
 262 002e 0121     		movs	r1, #1
 263 0030 6B46     		mov	r3, sp
 264 0032 D81D     		adds	r0, r3, #7
 265 0034 FFF7FEFF 		bl	SerialTransmit
 266              	.LVL18:
 267              	.LBE6:
 105:Core/Src/main.c ****   {
 268              		.loc 1 105 9 discriminator 1 view .LVU69
 269 0038 F4E7     		b	.L13
 270              		.cfi_endproc
 271              	.LFE40:
 273              		.text
 274              	.Letext0:
 275              		.file 3 "c:\\users\\billa\\appdata\\roaming\\code\\user\\globalstorage\\bmd.stm32-for-vscode\\@xpa
 276              		.file 4 "c:\\users\\billa\\appdata\\roaming\\code\\user\\globalstorage\\bmd.stm32-for-vscode\\@xpa
 277              		.file 5 "Drivers/CMSIS/Device/ST/STM32L0xx/Include/stm32l021xx.h"
 278              		.file 6 "Drivers/STM32L0xx_HAL_Driver/Inc/stm32l0xx_hal_def.h"
 279              		.file 7 "Drivers/STM32L0xx_HAL_Driver/Inc/stm32l0xx_hal_rcc.h"
 280              		.file 8 "Drivers/STM32L0xx_HAL_Driver/Inc/stm32l0xx_hal_rcc_ex.h"
 281              		.file 9 "Core/Inc/Serial.h"
 282              		.file 10 "Core/Inc/tim.h"
 283              		.file 11 "Core/Inc/spi.h"
 284              		.file 12 "Core/Inc/adc.h"
 285              		.file 13 "Core/Inc/usart.h"
 286              		.file 14 "Core/Inc/gpio.h"
 287              		.file 15 "Drivers/STM32L0xx_HAL_Driver/Inc/stm32l0xx_hal.h"
 288              		.file 16 "<built-in>"
ARM GAS  C:\Users\billa\AppData\Local\Temp\ccZBSYR6.s 			page 13


DEFINED SYMBOLS
                            *ABS*:0000000000000000 main.c
C:\Users\billa\AppData\Local\Temp\ccZBSYR6.s:19     .text.Error_Handler:0000000000000000 $t
C:\Users\billa\AppData\Local\Temp\ccZBSYR6.s:25     .text.Error_Handler:0000000000000000 Error_Handler
C:\Users\billa\AppData\Local\Temp\ccZBSYR6.s:57     .text.SystemClock_Config:0000000000000000 $t
C:\Users\billa\AppData\Local\Temp\ccZBSYR6.s:63     .text.SystemClock_Config:0000000000000000 SystemClock_Config
C:\Users\billa\AppData\Local\Temp\ccZBSYR6.s:203    .text.SystemClock_Config:0000000000000098 $d
C:\Users\billa\AppData\Local\Temp\ccZBSYR6.s:209    .text.main:0000000000000000 $t
C:\Users\billa\AppData\Local\Temp\ccZBSYR6.s:215    .text.main:0000000000000000 main

UNDEFINED SYMBOLS
memset
HAL_RCC_OscConfig
HAL_RCC_ClockConfig
HAL_RCCEx_PeriphCLKConfig
HAL_Init
MX_GPIO_Init
MX_USART2_UART_Init
MX_ADC_Init
MX_SPI1_Init
MX_TIM2_Init
MX_TIM21_Init
SerialReceiveChar
SerialTransmit
