ARM GAS  C:\Users\billa\AppData\Local\Temp\ccVQ0LUg.s 			page 1


   1              		.cpu cortex-m0plus
   2              		.arch armv6s-m
   3              		.fpu softvfp
   4              		.eabi_attribute 20, 1
   5              		.eabi_attribute 21, 1
   6              		.eabi_attribute 23, 3
   7              		.eabi_attribute 24, 1
   8              		.eabi_attribute 25, 1
   9              		.eabi_attribute 26, 1
  10              		.eabi_attribute 30, 1
  11              		.eabi_attribute 34, 0
  12              		.eabi_attribute 18, 4
  13              		.file	"usart.c"
  14              		.text
  15              	.Ltext0:
  16              		.cfi_sections	.debug_frame
  17              		.file 1 "Core/Src/usart.c"
  18              		.section	.text.MX_USART2_UART_Init,"ax",%progbits
  19              		.align	1
  20              		.global	MX_USART2_UART_Init
  21              		.syntax unified
  22              		.code	16
  23              		.thumb_func
  25              	MX_USART2_UART_Init:
  26              	.LFB40:
   1:Core/Src/usart.c **** /* USER CODE BEGIN Header */
   2:Core/Src/usart.c **** /**
   3:Core/Src/usart.c ****   ******************************************************************************
   4:Core/Src/usart.c ****   * @file    usart.c
   5:Core/Src/usart.c ****   * @brief   This file provides code for the configuration
   6:Core/Src/usart.c ****   *          of the USART instances.
   7:Core/Src/usart.c ****   ******************************************************************************
   8:Core/Src/usart.c ****   * @attention
   9:Core/Src/usart.c ****   *
  10:Core/Src/usart.c ****   * Copyright (c) 2023 STMicroelectronics.
  11:Core/Src/usart.c ****   * All rights reserved.
  12:Core/Src/usart.c ****   *
  13:Core/Src/usart.c ****   * This software is licensed under terms that can be found in the LICENSE file
  14:Core/Src/usart.c ****   * in the root directory of this software component.
  15:Core/Src/usart.c ****   * If no LICENSE file comes with this software, it is provided AS-IS.
  16:Core/Src/usart.c ****   *
  17:Core/Src/usart.c ****   ******************************************************************************
  18:Core/Src/usart.c ****   */
  19:Core/Src/usart.c **** /* USER CODE END Header */
  20:Core/Src/usart.c **** /* Includes ------------------------------------------------------------------*/
  21:Core/Src/usart.c **** #include "usart.h"
  22:Core/Src/usart.c **** 
  23:Core/Src/usart.c **** /* USER CODE BEGIN 0 */
  24:Core/Src/usart.c **** 
  25:Core/Src/usart.c **** /* USER CODE END 0 */
  26:Core/Src/usart.c **** 
  27:Core/Src/usart.c **** UART_HandleTypeDef huart2;
  28:Core/Src/usart.c **** 
  29:Core/Src/usart.c **** /* USART2 init function */
  30:Core/Src/usart.c **** 
  31:Core/Src/usart.c **** void MX_USART2_UART_Init(void)
  32:Core/Src/usart.c **** {
ARM GAS  C:\Users\billa\AppData\Local\Temp\ccVQ0LUg.s 			page 2


  27              		.loc 1 32 1 view -0
  28              		.cfi_startproc
  29              		@ args = 0, pretend = 0, frame = 0
  30              		@ frame_needed = 0, uses_anonymous_args = 0
  31 0000 10B5     		push	{r4, lr}
  32              		.cfi_def_cfa_offset 8
  33              		.cfi_offset 4, -8
  34              		.cfi_offset 14, -4
  33:Core/Src/usart.c **** 
  34:Core/Src/usart.c ****   /* USER CODE BEGIN USART2_Init 0 */
  35:Core/Src/usart.c **** 
  36:Core/Src/usart.c ****   /* USER CODE END USART2_Init 0 */
  37:Core/Src/usart.c **** 
  38:Core/Src/usart.c ****   /* USER CODE BEGIN USART2_Init 1 */
  39:Core/Src/usart.c **** 
  40:Core/Src/usart.c ****   /* USER CODE END USART2_Init 1 */
  41:Core/Src/usart.c ****   huart2.Instance = USART2;
  35              		.loc 1 41 3 view .LVU1
  36              		.loc 1 41 19 is_stmt 0 view .LVU2
  37 0002 0C48     		ldr	r0, .L4
  38 0004 0C4B     		ldr	r3, .L4+4
  39 0006 0360     		str	r3, [r0]
  42:Core/Src/usart.c ****   huart2.Init.BaudRate = 115200;
  40              		.loc 1 42 3 is_stmt 1 view .LVU3
  41              		.loc 1 42 24 is_stmt 0 view .LVU4
  42 0008 E123     		movs	r3, #225
  43 000a 5B02     		lsls	r3, r3, #9
  44 000c 4360     		str	r3, [r0, #4]
  43:Core/Src/usart.c ****   huart2.Init.WordLength = UART_WORDLENGTH_8B;
  45              		.loc 1 43 3 is_stmt 1 view .LVU5
  46              		.loc 1 43 26 is_stmt 0 view .LVU6
  47 000e 0023     		movs	r3, #0
  48 0010 8360     		str	r3, [r0, #8]
  44:Core/Src/usart.c ****   huart2.Init.StopBits = UART_STOPBITS_1;
  49              		.loc 1 44 3 is_stmt 1 view .LVU7
  50              		.loc 1 44 24 is_stmt 0 view .LVU8
  51 0012 C360     		str	r3, [r0, #12]
  45:Core/Src/usart.c ****   huart2.Init.Parity = UART_PARITY_NONE;
  52              		.loc 1 45 3 is_stmt 1 view .LVU9
  53              		.loc 1 45 22 is_stmt 0 view .LVU10
  54 0014 0361     		str	r3, [r0, #16]
  46:Core/Src/usart.c ****   huart2.Init.Mode = UART_MODE_TX_RX;
  55              		.loc 1 46 3 is_stmt 1 view .LVU11
  56              		.loc 1 46 20 is_stmt 0 view .LVU12
  57 0016 0C22     		movs	r2, #12
  58 0018 4261     		str	r2, [r0, #20]
  47:Core/Src/usart.c ****   huart2.Init.HwFlowCtl = UART_HWCONTROL_NONE;
  59              		.loc 1 47 3 is_stmt 1 view .LVU13
  60              		.loc 1 47 25 is_stmt 0 view .LVU14
  61 001a 8361     		str	r3, [r0, #24]
  48:Core/Src/usart.c ****   huart2.Init.OverSampling = UART_OVERSAMPLING_16;
  62              		.loc 1 48 3 is_stmt 1 view .LVU15
  63              		.loc 1 48 28 is_stmt 0 view .LVU16
  64 001c C361     		str	r3, [r0, #28]
  49:Core/Src/usart.c ****   huart2.Init.OneBitSampling = UART_ONE_BIT_SAMPLE_DISABLE;
  65              		.loc 1 49 3 is_stmt 1 view .LVU17
  66              		.loc 1 49 30 is_stmt 0 view .LVU18
ARM GAS  C:\Users\billa\AppData\Local\Temp\ccVQ0LUg.s 			page 3


  67 001e 0362     		str	r3, [r0, #32]
  50:Core/Src/usart.c ****   huart2.AdvancedInit.AdvFeatureInit = UART_ADVFEATURE_NO_INIT;
  68              		.loc 1 50 3 is_stmt 1 view .LVU19
  69              		.loc 1 50 38 is_stmt 0 view .LVU20
  70 0020 4362     		str	r3, [r0, #36]
  51:Core/Src/usart.c ****   if (HAL_UART_Init(&huart2) != HAL_OK)
  71              		.loc 1 51 3 is_stmt 1 view .LVU21
  72              		.loc 1 51 7 is_stmt 0 view .LVU22
  73 0022 FFF7FEFF 		bl	HAL_UART_Init
  74              	.LVL0:
  75              		.loc 1 51 6 view .LVU23
  76 0026 0028     		cmp	r0, #0
  77 0028 00D1     		bne	.L3
  78              	.L1:
  52:Core/Src/usart.c ****   {
  53:Core/Src/usart.c ****     Error_Handler();
  54:Core/Src/usart.c ****   }
  55:Core/Src/usart.c ****   /* USER CODE BEGIN USART2_Init 2 */
  56:Core/Src/usart.c **** 
  57:Core/Src/usart.c ****   /* USER CODE END USART2_Init 2 */
  58:Core/Src/usart.c **** 
  59:Core/Src/usart.c **** }
  79              		.loc 1 59 1 view .LVU24
  80              		@ sp needed
  81 002a 10BD     		pop	{r4, pc}
  82              	.L3:
  53:Core/Src/usart.c ****   }
  83              		.loc 1 53 5 is_stmt 1 view .LVU25
  84 002c FFF7FEFF 		bl	Error_Handler
  85              	.LVL1:
  86              		.loc 1 59 1 is_stmt 0 view .LVU26
  87 0030 FBE7     		b	.L1
  88              	.L5:
  89 0032 C046     		.align	2
  90              	.L4:
  91 0034 00000000 		.word	huart2
  92 0038 00440040 		.word	1073759232
  93              		.cfi_endproc
  94              	.LFE40:
  96              		.section	.text.HAL_UART_MspInit,"ax",%progbits
  97              		.align	1
  98              		.global	HAL_UART_MspInit
  99              		.syntax unified
 100              		.code	16
 101              		.thumb_func
 103              	HAL_UART_MspInit:
 104              	.LVL2:
 105              	.LFB41:
  60:Core/Src/usart.c **** 
  61:Core/Src/usart.c **** void HAL_UART_MspInit(UART_HandleTypeDef* uartHandle)
  62:Core/Src/usart.c **** {
 106              		.loc 1 62 1 is_stmt 1 view -0
 107              		.cfi_startproc
 108              		@ args = 0, pretend = 0, frame = 24
 109              		@ frame_needed = 0, uses_anonymous_args = 0
 110              		.loc 1 62 1 is_stmt 0 view .LVU28
 111 0000 70B5     		push	{r4, r5, r6, lr}
ARM GAS  C:\Users\billa\AppData\Local\Temp\ccVQ0LUg.s 			page 4


 112              		.cfi_def_cfa_offset 16
 113              		.cfi_offset 4, -16
 114              		.cfi_offset 5, -12
 115              		.cfi_offset 6, -8
 116              		.cfi_offset 14, -4
 117 0002 86B0     		sub	sp, sp, #24
 118              		.cfi_def_cfa_offset 40
 119 0004 0400     		movs	r4, r0
  63:Core/Src/usart.c **** 
  64:Core/Src/usart.c ****   GPIO_InitTypeDef GPIO_InitStruct = {0};
 120              		.loc 1 64 3 is_stmt 1 view .LVU29
 121              		.loc 1 64 20 is_stmt 0 view .LVU30
 122 0006 1422     		movs	r2, #20
 123 0008 0021     		movs	r1, #0
 124 000a 01A8     		add	r0, sp, #4
 125              	.LVL3:
 126              		.loc 1 64 20 view .LVU31
 127 000c FFF7FEFF 		bl	memset
 128              	.LVL4:
  65:Core/Src/usart.c ****   if(uartHandle->Instance==USART2)
 129              		.loc 1 65 3 is_stmt 1 view .LVU32
 130              		.loc 1 65 16 is_stmt 0 view .LVU33
 131 0010 2268     		ldr	r2, [r4]
 132              		.loc 1 65 5 view .LVU34
 133 0012 154B     		ldr	r3, .L9
 134 0014 9A42     		cmp	r2, r3
 135 0016 01D0     		beq	.L8
 136              	.LVL5:
 137              	.L6:
  66:Core/Src/usart.c ****   {
  67:Core/Src/usart.c ****   /* USER CODE BEGIN USART2_MspInit 0 */
  68:Core/Src/usart.c **** 
  69:Core/Src/usart.c ****   /* USER CODE END USART2_MspInit 0 */
  70:Core/Src/usart.c ****     /* USART2 clock enable */
  71:Core/Src/usart.c ****     __HAL_RCC_USART2_CLK_ENABLE();
  72:Core/Src/usart.c **** 
  73:Core/Src/usart.c ****     __HAL_RCC_GPIOA_CLK_ENABLE();
  74:Core/Src/usart.c ****     /**USART2 GPIO Configuration
  75:Core/Src/usart.c ****     PA0-CK_IN     ------> USART2_RX
  76:Core/Src/usart.c ****     PA2     ------> USART2_TX
  77:Core/Src/usart.c ****     */
  78:Core/Src/usart.c ****     GPIO_InitStruct.Pin = GPIO_PIN_0;
  79:Core/Src/usart.c ****     GPIO_InitStruct.Mode = GPIO_MODE_AF_PP;
  80:Core/Src/usart.c ****     GPIO_InitStruct.Pull = GPIO_NOPULL;
  81:Core/Src/usart.c ****     GPIO_InitStruct.Speed = GPIO_SPEED_FREQ_VERY_HIGH;
  82:Core/Src/usart.c ****     GPIO_InitStruct.Alternate = GPIO_AF0_USART2;
  83:Core/Src/usart.c ****     HAL_GPIO_Init(GPIOA, &GPIO_InitStruct);
  84:Core/Src/usart.c **** 
  85:Core/Src/usart.c ****     GPIO_InitStruct.Pin = GPIO_PIN_2;
  86:Core/Src/usart.c ****     GPIO_InitStruct.Mode = GPIO_MODE_AF_PP;
  87:Core/Src/usart.c ****     GPIO_InitStruct.Pull = GPIO_NOPULL;
  88:Core/Src/usart.c ****     GPIO_InitStruct.Speed = GPIO_SPEED_FREQ_VERY_HIGH;
  89:Core/Src/usart.c ****     GPIO_InitStruct.Alternate = GPIO_AF4_USART2;
  90:Core/Src/usart.c ****     HAL_GPIO_Init(GPIOA, &GPIO_InitStruct);
  91:Core/Src/usart.c **** 
  92:Core/Src/usart.c ****   /* USER CODE BEGIN USART2_MspInit 1 */
  93:Core/Src/usart.c **** 
ARM GAS  C:\Users\billa\AppData\Local\Temp\ccVQ0LUg.s 			page 5


  94:Core/Src/usart.c ****   /* USER CODE END USART2_MspInit 1 */
  95:Core/Src/usart.c ****   }
  96:Core/Src/usart.c **** }
 138              		.loc 1 96 1 view .LVU35
 139 0018 06B0     		add	sp, sp, #24
 140              		@ sp needed
 141 001a 70BD     		pop	{r4, r5, r6, pc}
 142              	.LVL6:
 143              	.L8:
  71:Core/Src/usart.c **** 
 144              		.loc 1 71 5 is_stmt 1 view .LVU36
 145 001c 134B     		ldr	r3, .L9+4
 146 001e 996B     		ldr	r1, [r3, #56]
 147 0020 8022     		movs	r2, #128
 148 0022 9202     		lsls	r2, r2, #10
 149 0024 0A43     		orrs	r2, r1
 150 0026 9A63     		str	r2, [r3, #56]
  73:Core/Src/usart.c ****     /**USART2 GPIO Configuration
 151              		.loc 1 73 5 view .LVU37
 152              	.LBB2:
  73:Core/Src/usart.c ****     /**USART2 GPIO Configuration
 153              		.loc 1 73 5 view .LVU38
  73:Core/Src/usart.c ****     /**USART2 GPIO Configuration
 154              		.loc 1 73 5 view .LVU39
 155 0028 D96A     		ldr	r1, [r3, #44]
 156 002a 0122     		movs	r2, #1
 157 002c 1143     		orrs	r1, r2
 158 002e D962     		str	r1, [r3, #44]
  73:Core/Src/usart.c ****     /**USART2 GPIO Configuration
 159              		.loc 1 73 5 view .LVU40
 160 0030 DB6A     		ldr	r3, [r3, #44]
 161 0032 1340     		ands	r3, r2
 162 0034 0093     		str	r3, [sp]
  73:Core/Src/usart.c ****     /**USART2 GPIO Configuration
 163              		.loc 1 73 5 view .LVU41
 164 0036 009B     		ldr	r3, [sp]
 165              	.LBE2:
  73:Core/Src/usart.c ****     /**USART2 GPIO Configuration
 166              		.loc 1 73 5 view .LVU42
  78:Core/Src/usart.c ****     GPIO_InitStruct.Mode = GPIO_MODE_AF_PP;
 167              		.loc 1 78 5 view .LVU43
  78:Core/Src/usart.c ****     GPIO_InitStruct.Mode = GPIO_MODE_AF_PP;
 168              		.loc 1 78 25 is_stmt 0 view .LVU44
 169 0038 0192     		str	r2, [sp, #4]
  79:Core/Src/usart.c ****     GPIO_InitStruct.Pull = GPIO_NOPULL;
 170              		.loc 1 79 5 is_stmt 1 view .LVU45
  79:Core/Src/usart.c ****     GPIO_InitStruct.Pull = GPIO_NOPULL;
 171              		.loc 1 79 26 is_stmt 0 view .LVU46
 172 003a 0226     		movs	r6, #2
 173 003c 0296     		str	r6, [sp, #8]
  80:Core/Src/usart.c ****     GPIO_InitStruct.Speed = GPIO_SPEED_FREQ_VERY_HIGH;
 174              		.loc 1 80 5 is_stmt 1 view .LVU47
  81:Core/Src/usart.c ****     GPIO_InitStruct.Alternate = GPIO_AF0_USART2;
 175              		.loc 1 81 5 view .LVU48
  81:Core/Src/usart.c ****     GPIO_InitStruct.Alternate = GPIO_AF0_USART2;
 176              		.loc 1 81 27 is_stmt 0 view .LVU49
 177 003e 0325     		movs	r5, #3
ARM GAS  C:\Users\billa\AppData\Local\Temp\ccVQ0LUg.s 			page 6


 178 0040 0495     		str	r5, [sp, #16]
  82:Core/Src/usart.c ****     HAL_GPIO_Init(GPIOA, &GPIO_InitStruct);
 179              		.loc 1 82 5 is_stmt 1 view .LVU50
  83:Core/Src/usart.c **** 
 180              		.loc 1 83 5 view .LVU51
 181 0042 A024     		movs	r4, #160
 182              	.LVL7:
  83:Core/Src/usart.c **** 
 183              		.loc 1 83 5 is_stmt 0 view .LVU52
 184 0044 E405     		lsls	r4, r4, #23
 185 0046 01A9     		add	r1, sp, #4
 186 0048 2000     		movs	r0, r4
 187 004a FFF7FEFF 		bl	HAL_GPIO_Init
 188              	.LVL8:
  85:Core/Src/usart.c ****     GPIO_InitStruct.Mode = GPIO_MODE_AF_PP;
 189              		.loc 1 85 5 is_stmt 1 view .LVU53
  85:Core/Src/usart.c ****     GPIO_InitStruct.Mode = GPIO_MODE_AF_PP;
 190              		.loc 1 85 25 is_stmt 0 view .LVU54
 191 004e 0423     		movs	r3, #4
 192 0050 0193     		str	r3, [sp, #4]
  86:Core/Src/usart.c ****     GPIO_InitStruct.Pull = GPIO_NOPULL;
 193              		.loc 1 86 5 is_stmt 1 view .LVU55
  86:Core/Src/usart.c ****     GPIO_InitStruct.Pull = GPIO_NOPULL;
 194              		.loc 1 86 26 is_stmt 0 view .LVU56
 195 0052 0296     		str	r6, [sp, #8]
  87:Core/Src/usart.c ****     GPIO_InitStruct.Speed = GPIO_SPEED_FREQ_VERY_HIGH;
 196              		.loc 1 87 5 is_stmt 1 view .LVU57
  87:Core/Src/usart.c ****     GPIO_InitStruct.Speed = GPIO_SPEED_FREQ_VERY_HIGH;
 197              		.loc 1 87 26 is_stmt 0 view .LVU58
 198 0054 0022     		movs	r2, #0
 199 0056 0392     		str	r2, [sp, #12]
  88:Core/Src/usart.c ****     GPIO_InitStruct.Alternate = GPIO_AF4_USART2;
 200              		.loc 1 88 5 is_stmt 1 view .LVU59
  88:Core/Src/usart.c ****     GPIO_InitStruct.Alternate = GPIO_AF4_USART2;
 201              		.loc 1 88 27 is_stmt 0 view .LVU60
 202 0058 0495     		str	r5, [sp, #16]
  89:Core/Src/usart.c ****     HAL_GPIO_Init(GPIOA, &GPIO_InitStruct);
 203              		.loc 1 89 5 is_stmt 1 view .LVU61
  89:Core/Src/usart.c ****     HAL_GPIO_Init(GPIOA, &GPIO_InitStruct);
 204              		.loc 1 89 31 is_stmt 0 view .LVU62
 205 005a 0593     		str	r3, [sp, #20]
  90:Core/Src/usart.c **** 
 206              		.loc 1 90 5 is_stmt 1 view .LVU63
 207 005c 01A9     		add	r1, sp, #4
 208 005e 2000     		movs	r0, r4
 209 0060 FFF7FEFF 		bl	HAL_GPIO_Init
 210              	.LVL9:
 211              		.loc 1 96 1 is_stmt 0 view .LVU64
 212 0064 D8E7     		b	.L6
 213              	.L10:
 214 0066 C046     		.align	2
 215              	.L9:
 216 0068 00440040 		.word	1073759232
 217 006c 00100240 		.word	1073876992
 218              		.cfi_endproc
 219              	.LFE41:
 221              		.section	.text.HAL_UART_MspDeInit,"ax",%progbits
ARM GAS  C:\Users\billa\AppData\Local\Temp\ccVQ0LUg.s 			page 7


 222              		.align	1
 223              		.global	HAL_UART_MspDeInit
 224              		.syntax unified
 225              		.code	16
 226              		.thumb_func
 228              	HAL_UART_MspDeInit:
 229              	.LVL10:
 230              	.LFB42:
  97:Core/Src/usart.c **** 
  98:Core/Src/usart.c **** void HAL_UART_MspDeInit(UART_HandleTypeDef* uartHandle)
  99:Core/Src/usart.c **** {
 231              		.loc 1 99 1 is_stmt 1 view -0
 232              		.cfi_startproc
 233              		@ args = 0, pretend = 0, frame = 0
 234              		@ frame_needed = 0, uses_anonymous_args = 0
 235              		.loc 1 99 1 is_stmt 0 view .LVU66
 236 0000 10B5     		push	{r4, lr}
 237              		.cfi_def_cfa_offset 8
 238              		.cfi_offset 4, -8
 239              		.cfi_offset 14, -4
 100:Core/Src/usart.c **** 
 101:Core/Src/usart.c ****   if(uartHandle->Instance==USART2)
 240              		.loc 1 101 3 is_stmt 1 view .LVU67
 241              		.loc 1 101 16 is_stmt 0 view .LVU68
 242 0002 0268     		ldr	r2, [r0]
 243              		.loc 1 101 5 view .LVU69
 244 0004 074B     		ldr	r3, .L14
 245 0006 9A42     		cmp	r2, r3
 246 0008 00D0     		beq	.L13
 247              	.LVL11:
 248              	.L11:
 102:Core/Src/usart.c ****   {
 103:Core/Src/usart.c ****   /* USER CODE BEGIN USART2_MspDeInit 0 */
 104:Core/Src/usart.c **** 
 105:Core/Src/usart.c ****   /* USER CODE END USART2_MspDeInit 0 */
 106:Core/Src/usart.c ****     /* Peripheral clock disable */
 107:Core/Src/usart.c ****     __HAL_RCC_USART2_CLK_DISABLE();
 108:Core/Src/usart.c **** 
 109:Core/Src/usart.c ****     /**USART2 GPIO Configuration
 110:Core/Src/usart.c ****     PA0-CK_IN     ------> USART2_RX
 111:Core/Src/usart.c ****     PA2     ------> USART2_TX
 112:Core/Src/usart.c ****     */
 113:Core/Src/usart.c ****     HAL_GPIO_DeInit(GPIOA, GPIO_PIN_0|GPIO_PIN_2);
 114:Core/Src/usart.c **** 
 115:Core/Src/usart.c ****   /* USER CODE BEGIN USART2_MspDeInit 1 */
 116:Core/Src/usart.c **** 
 117:Core/Src/usart.c ****   /* USER CODE END USART2_MspDeInit 1 */
 118:Core/Src/usart.c ****   }
 119:Core/Src/usart.c **** }
 249              		.loc 1 119 1 view .LVU70
 250              		@ sp needed
 251 000a 10BD     		pop	{r4, pc}
 252              	.LVL12:
 253              	.L13:
 107:Core/Src/usart.c **** 
 254              		.loc 1 107 5 is_stmt 1 view .LVU71
 255 000c 064A     		ldr	r2, .L14+4
ARM GAS  C:\Users\billa\AppData\Local\Temp\ccVQ0LUg.s 			page 8


 256 000e 936B     		ldr	r3, [r2, #56]
 257 0010 0649     		ldr	r1, .L14+8
 258 0012 0B40     		ands	r3, r1
 259 0014 9363     		str	r3, [r2, #56]
 113:Core/Src/usart.c **** 
 260              		.loc 1 113 5 view .LVU72
 261 0016 A020     		movs	r0, #160
 262              	.LVL13:
 113:Core/Src/usart.c **** 
 263              		.loc 1 113 5 is_stmt 0 view .LVU73
 264 0018 0521     		movs	r1, #5
 265 001a C005     		lsls	r0, r0, #23
 266 001c FFF7FEFF 		bl	HAL_GPIO_DeInit
 267              	.LVL14:
 268              		.loc 1 119 1 view .LVU74
 269 0020 F3E7     		b	.L11
 270              	.L15:
 271 0022 C046     		.align	2
 272              	.L14:
 273 0024 00440040 		.word	1073759232
 274 0028 00100240 		.word	1073876992
 275 002c FFFFFDFF 		.word	-131073
 276              		.cfi_endproc
 277              	.LFE42:
 279              		.global	huart2
 280              		.section	.bss.huart2,"aw",%nobits
 281              		.align	2
 284              	huart2:
 285 0000 00000000 		.space	136
 285      00000000 
 285      00000000 
 285      00000000 
 285      00000000 
 286              		.text
 287              	.Letext0:
 288              		.file 2 "c:\\users\\billa\\appdata\\roaming\\code\\user\\globalstorage\\bmd.stm32-for-vscode\\@xpa
 289              		.file 3 "c:\\users\\billa\\appdata\\roaming\\code\\user\\globalstorage\\bmd.stm32-for-vscode\\@xpa
 290              		.file 4 "Drivers/CMSIS/Device/ST/STM32L0xx/Include/stm32l021xx.h"
 291              		.file 5 "Drivers/STM32L0xx_HAL_Driver/Inc/stm32l0xx_hal_def.h"
 292              		.file 6 "Drivers/STM32L0xx_HAL_Driver/Inc/stm32l0xx_hal_gpio.h"
 293              		.file 7 "Drivers/STM32L0xx_HAL_Driver/Inc/stm32l0xx_hal_dma.h"
 294              		.file 8 "Drivers/STM32L0xx_HAL_Driver/Inc/stm32l0xx_hal_uart.h"
 295              		.file 9 "Core/Inc/usart.h"
 296              		.file 10 "Core/Inc/main.h"
 297              		.file 11 "<built-in>"
ARM GAS  C:\Users\billa\AppData\Local\Temp\ccVQ0LUg.s 			page 9


DEFINED SYMBOLS
                            *ABS*:0000000000000000 usart.c
C:\Users\billa\AppData\Local\Temp\ccVQ0LUg.s:19     .text.MX_USART2_UART_Init:0000000000000000 $t
C:\Users\billa\AppData\Local\Temp\ccVQ0LUg.s:25     .text.MX_USART2_UART_Init:0000000000000000 MX_USART2_UART_Init
C:\Users\billa\AppData\Local\Temp\ccVQ0LUg.s:91     .text.MX_USART2_UART_Init:0000000000000034 $d
C:\Users\billa\AppData\Local\Temp\ccVQ0LUg.s:284    .bss.huart2:0000000000000000 huart2
C:\Users\billa\AppData\Local\Temp\ccVQ0LUg.s:97     .text.HAL_UART_MspInit:0000000000000000 $t
C:\Users\billa\AppData\Local\Temp\ccVQ0LUg.s:103    .text.HAL_UART_MspInit:0000000000000000 HAL_UART_MspInit
C:\Users\billa\AppData\Local\Temp\ccVQ0LUg.s:216    .text.HAL_UART_MspInit:0000000000000068 $d
C:\Users\billa\AppData\Local\Temp\ccVQ0LUg.s:222    .text.HAL_UART_MspDeInit:0000000000000000 $t
C:\Users\billa\AppData\Local\Temp\ccVQ0LUg.s:228    .text.HAL_UART_MspDeInit:0000000000000000 HAL_UART_MspDeInit
C:\Users\billa\AppData\Local\Temp\ccVQ0LUg.s:273    .text.HAL_UART_MspDeInit:0000000000000024 $d
C:\Users\billa\AppData\Local\Temp\ccVQ0LUg.s:281    .bss.huart2:0000000000000000 $d

UNDEFINED SYMBOLS
HAL_UART_Init
Error_Handler
memset
HAL_GPIO_Init
HAL_GPIO_DeInit
